<?xml version="1.0" encoding="UTF-8"?>
<!-- Generated by org.testng.reporters.JUnitXMLReporter -->
<testsuite hostname="W10x64" name="Sanity Test" tests="18" failures="0" timestamp="2 Oct 2021 03:07:20 GMT" time="62.48" errors="0">
  <testcase name="Scenario1_step1" time="2.362" classname="scripts.Scenario1"/>
  <testcase name="Scenario1_step2" time="3.801" classname="scripts.Scenario1"/>
  <testcase name="Scenario1_step3" time="1.451" classname="scripts.Scenario1"/>
  <testcase name="Scenario1_step4" time="0.03" classname="scripts.Scenario1"/>
  <testcase name="Scenario1_step5" time="4.304" classname="scripts.Scenario1"/>
  <testcase name="Scenario1_step6" time="0.014" classname="scripts.Scenario1"/>
  <testcase name="Scenario2_step1" time="1.603" classname="scripts.Scenario2"/>
  <testcase name="Scenario2_step2" time="2.803" classname="scripts.Scenario2"/>
  <testcase name="Scenario2_step3" time="0.016" classname="scripts.Scenario2"/>
  <testcase name="Scenario3_step1" time="2.065" classname="scripts.Scenario3"/>
  <testcase name="Scenario3_step2" time="1.789" classname="scripts.Scenario3"/>
  <testcase name="Scenario3_step3" time="0.121" classname="scripts.Scenario3"/>
  <testcase name="Scenario4_step1" time="1.81" classname="scripts.Scenario4"/>
  <testcase name="Scenario4_step2" time="3.063" classname="scripts.Scenario4"/>
  <testcase name="Scenario4_step3" time="0.016" classname="scripts.Scenario4"/>
  <testcase name="Scenario4_step4" time="2.978" classname="scripts.Scenario4"/>
  <testcase name="Scenario4_step5" time="0.158" classname="scripts.Scenario4"/>
  <testcase name="Scenario4_step6" time="0.143" classname="scripts.Scenario4"/>
</testsuite> <!-- Sanity Test -->
