<?xml version="1.0" encoding="UTF-8"?>
<!-- Generated by org.testng.reporters.JUnitXMLReporter -->
<testsuite hostname="W10x64" name="Sanity Test" tests="18" failures="0" timestamp="1 Oct 2021 13:39:49 GMT" time="62.338" errors="0">
  <testcase name="Scenario1_step1" time="3.583" classname="scripts.Scenario1"/>
  <testcase name="Scenario1_step2" time="5.021" classname="scripts.Scenario1"/>
  <testcase name="Scenario1_step3" time="1.705" classname="scripts.Scenario1"/>
  <testcase name="Scenario1_step4" time="0.019" classname="scripts.Scenario1"/>
  <testcase name="Scenario1_step5" time="5.166" classname="scripts.Scenario1"/>
  <testcase name="Scenario1_step6" time="0.018" classname="scripts.Scenario1"/>
  <testcase name="Scenario2_step1" time="2.159" classname="scripts.Scenario2"/>
  <testcase name="Scenario2_step2" time="3.249" classname="scripts.Scenario2"/>
  <testcase name="Scenario2_step3" time="0.019" classname="scripts.Scenario2"/>
  <testcase name="Scenario3_step1" time="1.762" classname="scripts.Scenario3"/>
  <testcase name="Scenario3_step2" time="2.478" classname="scripts.Scenario3"/>
  <testcase name="Scenario3_step3" time="0.111" classname="scripts.Scenario3"/>
  <testcase name="Scenario4_step1" time="1.775" classname="scripts.Scenario4"/>
  <testcase name="Scenario4_step2" time="3.241" classname="scripts.Scenario4"/>
  <testcase name="Scenario4_step3" time="0.013" classname="scripts.Scenario4"/>
  <testcase name="Scenario4_step4" time="3.746" classname="scripts.Scenario4"/>
  <testcase name="Scenario4_step5" time="0.303" classname="scripts.Scenario4"/>
  <testcase name="Scenario4_step6" time="0.128" classname="scripts.Scenario4"/>
</testsuite> <!-- Sanity Test -->
