<?xml version="1.0" encoding="UTF-8"?>
<testng-results skipped="0" failed="0" total="18" passed="18">
  <reporter-output>
  </reporter-output>
  <suite name="Suite" duration-ms="62338" started-at="2021-10-01T13:38:46Z" finished-at="2021-10-01T13:39:48Z">
    <groups>
    </groups>
    <test name="Sanity Test" duration-ms="62338" started-at="2021-10-01T13:38:46Z" finished-at="2021-10-01T13:39:48Z">
      <class name="scripts.Scenario1">
        <test-method status="PASS" signature="openBrowser_Enter_the_Url()[pri:0, instance:scripts.Scenario1@dd3b207]" name="openBrowser_Enter_the_Url" is-config="true" duration-ms="10571" started-at="2021-10-01T19:08:46Z" finished-at="2021-10-01T19:08:57Z">
          <reporter-output>
          </reporter-output>
        </test-method> <!-- openBrowser_Enter_the_Url -->
        <test-method status="PASS" signature="Scenario1_step1()[pri:0, instance:scripts.Scenario1@dd3b207]" name="Scenario1_step1" duration-ms="3583" started-at="2021-10-01T19:08:57Z" finished-at="2021-10-01T19:09:00Z">
          <reporter-output>
          </reporter-output>
        </test-method> <!-- Scenario1_step1 -->
        <test-method status="PASS" signature="Scenario1_step2()[pri:0, instance:scripts.Scenario1@dd3b207]" name="Scenario1_step2" duration-ms="5021" started-at="2021-10-01T19:09:00Z" finished-at="2021-10-01T19:09:05Z">
          <reporter-output>
          </reporter-output>
        </test-method> <!-- Scenario1_step2 -->
        <test-method status="PASS" signature="Scenario1_step3()[pri:0, instance:scripts.Scenario1@dd3b207]" name="Scenario1_step3" duration-ms="1705" started-at="2021-10-01T19:09:05Z" finished-at="2021-10-01T19:09:07Z">
          <reporter-output>
          </reporter-output>
        </test-method> <!-- Scenario1_step3 -->
        <test-method status="PASS" signature="Scenario1_step4()[pri:0, instance:scripts.Scenario1@dd3b207]" name="Scenario1_step4" duration-ms="19" started-at="2021-10-01T19:09:07Z" finished-at="2021-10-01T19:09:07Z">
          <reporter-output>
          </reporter-output>
        </test-method> <!-- Scenario1_step4 -->
        <test-method status="PASS" signature="Scenario1_step5()[pri:0, instance:scripts.Scenario1@dd3b207]" name="Scenario1_step5" duration-ms="5166" started-at="2021-10-01T19:09:07Z" finished-at="2021-10-01T19:09:12Z">
          <reporter-output>
          </reporter-output>
        </test-method> <!-- Scenario1_step5 -->
        <test-method status="PASS" signature="Scenario1_step6()[pri:0, instance:scripts.Scenario1@dd3b207]" name="Scenario1_step6" duration-ms="18" started-at="2021-10-01T19:09:12Z" finished-at="2021-10-01T19:09:12Z">
          <reporter-output>
          </reporter-output>
        </test-method> <!-- Scenario1_step6 -->
        <test-method status="PASS" signature="close_the_browser()[pri:0, instance:scripts.Scenario1@dd3b207]" name="close_the_browser" is-config="true" duration-ms="267" started-at="2021-10-01T19:09:12Z" finished-at="2021-10-01T19:09:13Z">
          <reporter-output>
          </reporter-output>
        </test-method> <!-- close_the_browser -->
      </class> <!-- scripts.Scenario1 -->
      <class name="scripts.Scenario2">
        <test-method status="PASS" signature="openBrowser_Enter_the_Url()[pri:0, instance:scripts.Scenario2@6385cb26]" name="openBrowser_Enter_the_Url" is-config="true" duration-ms="4859" started-at="2021-10-01T19:09:13Z" finished-at="2021-10-01T19:09:17Z">
          <reporter-output>
          </reporter-output>
        </test-method> <!-- openBrowser_Enter_the_Url -->
        <test-method status="PASS" signature="Scenario2_step1()[pri:0, instance:scripts.Scenario2@6385cb26]" name="Scenario2_step1" duration-ms="2159" started-at="2021-10-01T19:09:17Z" finished-at="2021-10-01T19:09:20Z">
          <reporter-output>
          </reporter-output>
        </test-method> <!-- Scenario2_step1 -->
        <test-method status="PASS" signature="Scenario2_step2()[pri:0, instance:scripts.Scenario2@6385cb26]" name="Scenario2_step2" duration-ms="3249" started-at="2021-10-01T19:09:20Z" finished-at="2021-10-01T19:09:23Z">
          <reporter-output>
          </reporter-output>
        </test-method> <!-- Scenario2_step2 -->
        <test-method status="PASS" signature="Scenario2_step3()[pri:0, instance:scripts.Scenario2@6385cb26]" name="Scenario2_step3" duration-ms="19" started-at="2021-10-01T19:09:23Z" finished-at="2021-10-01T19:09:23Z">
          <reporter-output>
          </reporter-output>
        </test-method> <!-- Scenario2_step3 -->
        <test-method status="PASS" signature="close_the_browser()[pri:0, instance:scripts.Scenario2@6385cb26]" name="close_the_browser" is-config="true" duration-ms="293" started-at="2021-10-01T19:09:23Z" finished-at="2021-10-01T19:09:23Z">
          <reporter-output>
          </reporter-output>
        </test-method> <!-- close_the_browser -->
      </class> <!-- scripts.Scenario2 -->
      <class name="scripts.Scenario3">
        <test-method status="PASS" signature="openBrowser_Enter_the_Url()[pri:0, instance:scripts.Scenario3@78a2da20]" name="openBrowser_Enter_the_Url" is-config="true" duration-ms="4865" started-at="2021-10-01T19:09:23Z" finished-at="2021-10-01T19:09:28Z">
          <reporter-output>
          </reporter-output>
        </test-method> <!-- openBrowser_Enter_the_Url -->
        <test-method status="PASS" signature="Scenario3_step1()[pri:0, instance:scripts.Scenario3@78a2da20]" name="Scenario3_step1" duration-ms="1762" started-at="2021-10-01T19:09:28Z" finished-at="2021-10-01T19:09:30Z">
          <reporter-output>
          </reporter-output>
        </test-method> <!-- Scenario3_step1 -->
        <test-method status="PASS" signature="Scenario3_step2()[pri:0, instance:scripts.Scenario3@78a2da20]" name="Scenario3_step2" duration-ms="2478" started-at="2021-10-01T19:09:30Z" finished-at="2021-10-01T19:09:32Z">
          <reporter-output>
          </reporter-output>
        </test-method> <!-- Scenario3_step2 -->
        <test-method status="PASS" signature="Scenario3_step3()[pri:0, instance:scripts.Scenario3@78a2da20]" name="Scenario3_step3" duration-ms="111" started-at="2021-10-01T19:09:32Z" finished-at="2021-10-01T19:09:32Z">
          <reporter-output>
          </reporter-output>
        </test-method> <!-- Scenario3_step3 -->
        <test-method status="PASS" signature="close_the_browser()[pri:0, instance:scripts.Scenario3@78a2da20]" name="close_the_browser" is-config="true" duration-ms="158" started-at="2021-10-01T19:09:32Z" finished-at="2021-10-01T19:09:33Z">
          <reporter-output>
          </reporter-output>
        </test-method> <!-- close_the_browser -->
      </class> <!-- scripts.Scenario3 -->
      <class name="scripts.Scenario4">
        <test-method status="PASS" signature="openBrowser_Enter_the_Url()[pri:0, instance:scripts.Scenario4@551bdc27]" name="openBrowser_Enter_the_Url" is-config="true" duration-ms="5027" started-at="2021-10-01T19:09:33Z" finished-at="2021-10-01T19:09:38Z">
          <reporter-output>
          </reporter-output>
        </test-method> <!-- openBrowser_Enter_the_Url -->
        <test-method status="PASS" signature="Scenario4_step1()[pri:0, instance:scripts.Scenario4@551bdc27]" name="Scenario4_step1" duration-ms="1775" started-at="2021-10-01T19:09:38Z" finished-at="2021-10-01T19:09:39Z">
          <reporter-output>
          </reporter-output>
        </test-method> <!-- Scenario4_step1 -->
        <test-method status="PASS" signature="Scenario4_step2()[pri:0, instance:scripts.Scenario4@551bdc27]" name="Scenario4_step2" duration-ms="3241" started-at="2021-10-01T19:09:39Z" finished-at="2021-10-01T19:09:43Z">
          <reporter-output>
          </reporter-output>
        </test-method> <!-- Scenario4_step2 -->
        <test-method status="PASS" signature="Scenario4_step3()[pri:0, instance:scripts.Scenario4@551bdc27]" name="Scenario4_step3" duration-ms="13" started-at="2021-10-01T19:09:43Z" finished-at="2021-10-01T19:09:43Z">
          <reporter-output>
          </reporter-output>
        </test-method> <!-- Scenario4_step3 -->
        <test-method status="PASS" signature="Scenario4_step4()[pri:0, instance:scripts.Scenario4@551bdc27]" name="Scenario4_step4" duration-ms="3746" started-at="2021-10-01T19:09:44Z" finished-at="2021-10-01T19:09:47Z">
          <reporter-output>
          </reporter-output>
        </test-method> <!-- Scenario4_step4 -->
        <test-method status="PASS" signature="Scenario4_step5()[pri:0, instance:scripts.Scenario4@551bdc27]" name="Scenario4_step5" duration-ms="303" started-at="2021-10-01T19:09:47Z" finished-at="2021-10-01T19:09:48Z">
          <reporter-output>
          </reporter-output>
        </test-method> <!-- Scenario4_step5 -->
        <test-method status="PASS" signature="Scenario4_step6()[pri:0, instance:scripts.Scenario4@551bdc27]" name="Scenario4_step6" duration-ms="128" started-at="2021-10-01T19:09:48Z" finished-at="2021-10-01T19:09:48Z">
          <reporter-output>
          </reporter-output>
        </test-method> <!-- Scenario4_step6 -->
        <test-method status="PASS" signature="close_the_browser()[pri:0, instance:scripts.Scenario4@551bdc27]" name="close_the_browser" is-config="true" duration-ms="217" started-at="2021-10-01T19:09:48Z" finished-at="2021-10-01T19:09:48Z">
          <reporter-output>
          </reporter-output>
        </test-method> <!-- close_the_browser -->
      </class> <!-- scripts.Scenario4 -->
    </test> <!-- Sanity Test -->
  </suite> <!-- Suite -->
</testng-results>
