<?xml version="1.0" encoding="UTF-8"?>
<testsuite xmlns:xsi="http://www.w3.org/2001/XMLSchema-instance" xsi:noNamespaceSchemaLocation="https://maven.apache.org/surefire/maven-surefire-plugin/xsd/surefire-test-report-3.0.xsd" version="3.0" name="TestSuite" time="65.09" tests="18" errors="0" skipped="0" failures="0">
  <properties>
[...]
</properties>
  <testcase name="Scenario1_step1" classname="scripts.Scenario1" time="2.342">
    <system-err><![CDATA[Starting ChromeDriver 93.0.4577.15 (660fc11082ba57405eca2e8c49c3e1af756fbfae-refs/branch-heads/4577@{#203}) on port 12787
Only local connections are allowed.
Please see https://chromedriver.chromium.org/security-considerations for suggestions on keeping ChromeDriver safe.
ChromeDriver was started successfully.
[1633143982.183][WARNING]: This version of ChromeDriver has not been tested with Chrome version 94.
Oct 02, 2021 8:36:23 AM org.openqa.selenium.remote.ProtocolHandshake createSession
INFO: Detected dialect: W3C
]]></system-err>
  </testcase>
  <testcase name="Scenario1_step2" classname="scripts.Scenario1" time="3.801"/>
  <testcase name="Scenario1_step3" classname="scripts.Scenario1" time="1.451"/>
  <testcase name="Scenario1_step4" classname="scripts.Scenario1" time="0.03"/>
  <testcase name="Scenario1_step5" classname="scripts.Scenario1" time="4.305"/>
  <testcase name="Scenario1_step6" classname="scripts.Scenario1" time="0.014"/>
  <testcase name="Scenario2_step1" classname="scripts.Scenario2" time="1.579">
    <system-err><![CDATA[Starting ChromeDriver 93.0.4577.15 (660fc11082ba57405eca2e8c49c3e1af756fbfae-refs/branch-heads/4577@{#203}) on port 17733
Only local connections are allowed.
Please see https://chromedriver.chromium.org/security-considerations for suggestions on keeping ChromeDriver safe.
ChromeDriver was started successfully.
[1633144003.847][WARNING]: This version of ChromeDriver has not been tested with Chrome version 94.
Oct 02, 2021 8:36:43 AM org.openqa.selenium.remote.ProtocolHandshake createSession
INFO: Detected dialect: W3C
]]></system-err>
  </testcase>
  <testcase name="Scenario2_step2" classname="scripts.Scenario2" time="2.802"/>
  <testcase name="Scenario2_step3" classname="scripts.Scenario2" time="0.017"/>
  <testcase name="Scenario3_step1" classname="scripts.Scenario3" time="2.034">
    <system-err><![CDATA[Starting ChromeDriver 93.0.4577.15 (660fc11082ba57405eca2e8c49c3e1af756fbfae-refs/branch-heads/4577@{#203}) on port 7749
Only local connections are allowed.
Please see https://chromedriver.chromium.org/security-considerations for suggestions on keeping ChromeDriver safe.
ChromeDriver was started successfully.
[1633144016.471][WARNING]: This version of ChromeDriver has not been tested with Chrome version 94.
Oct 02, 2021 8:36:56 AM org.openqa.selenium.remote.ProtocolHandshake createSession
INFO: Detected dialect: W3C
]]></system-err>
  </testcase>
  <testcase name="Scenario3_step2" classname="scripts.Scenario3" time="1.789"/>
  <testcase name="Scenario3_step3" classname="scripts.Scenario3" time="0.12"/>
  <testcase name="Scenario4_step1" classname="scripts.Scenario4" time="1.808">
    <system-err><![CDATA[Starting ChromeDriver 93.0.4577.15 (660fc11082ba57405eca2e8c49c3e1af756fbfae-refs/branch-heads/4577@{#203}) on port 11076
Only local connections are allowed.
Please see https://chromedriver.chromium.org/security-considerations for suggestions on keeping ChromeDriver safe.
ChromeDriver was started successfully.
[1633144026.248][WARNING]: This version of ChromeDriver has not been tested with Chrome version 94.
Oct 02, 2021 8:37:06 AM org.openqa.selenium.remote.ProtocolHandshake createSession
INFO: Detected dialect: W3C
]]></system-err>
  </testcase>
  <testcase name="Scenario4_step2" classname="scripts.Scenario4" time="3.065"/>
  <testcase name="Scenario4_step3" classname="scripts.Scenario4" time="0.015"/>
  <testcase name="Scenario4_step4" classname="scripts.Scenario4" time="2.977"/>
  <testcase name="Scenario4_step5" classname="scripts.Scenario4" time="0.158"/>
  <testcase name="Scenario4_step6" classname="scripts.Scenario4" time="0.146"/>
</testsuite>